<?xml version="1.0" encoding="UTF-8"?>
<!-- Generated by org.testng.reporters.JUnitReportReporter -->
<testsuite hostname="DESKTOP-4O0NNAF" failures="0" tests="5" name="PackageName.testPage" time="45.693" errors="0" timestamp="2023-12-23T19:41:45 EET" skipped="0">
  <testcase classname="PackageName.testPage" name="creatAcount" time="9.570"/>
  <system-out/>
  <testcase classname="PackageName.testPage" name="Logout" time="5.923"/>
  <system-out/>
  <testcase classname="PackageName.testPage" name="Login" time="6.201"/>
  <system-out/>
  <testcase classname="PackageName.testPage" name="allIteams" time="22.646"/>
  <system-out/>
  <testcase classname="PackageName.testPage" name="footer" time="1.353"/>
  <system-out/>
</testsuite> <!-- PackageName.testPage -->
